<?xml version="1.0" encoding="UTF-8"?>
<!-- Generated by org.testng.reporters.JUnitReportReporter -->
<testsuite name="Academy.HomePage" tests="2" time="52.286" ignored="0" failures="0" timestamp="02 Jul 2019 17:10:24 GMT" skipped="0" hostname="SHUBHAM" errors="0">
  <testcase name="basePageNavigation" time="31.278" classname="Academy.HomePage"/>
  <testcase name="basePageNavigation" time="21.008" classname="Academy.HomePage"/>
</testsuite> <!-- Academy.HomePage -->
