<?xml version="1.0" encoding="UTF-8"?>
<!-- Generated by org.testng.reporters.JUnitReportReporter -->
<testsuite hostname="SHUBHAM" name="Academy.validateNavigationBar" tests="1" failures="0" timestamp="7 Jul 2019 08:37:30 GMT" time="0.087" errors="0">
  <testcase name="validateAppNavBar" time="0.087" classname="Academy.validateNavigationBar"/>
</testsuite> <!-- Academy.validateNavigationBar -->
