<?xml version="1.0" encoding="UTF-8"?>
<!-- Generated by org.testng.reporters.JUnitReportReporter -->
<testsuite hostname="SHUBHAM" name="Academy.HomePage" tests="2" failures="0" timestamp="7 Jul 2019 08:37:30 GMT" time="28.754" errors="0">
  <testcase name="basePageNavigation" time="7.131" classname="Academy.HomePage"/>
  <testcase name="basePageNavigation" time="21.623" classname="Academy.HomePage"/>
</testsuite> <!-- Academy.HomePage -->
